mode: atomic
gsantomaggio/chat/server/chat/impl_protocol.go:15.90,17.2 1 3
gsantomaggio/chat/server/chat/impl_protocol.go:19.53,21.2 1 0
gsantomaggio/chat/server/chat/impl_protocol.go:23.42,25.2 1 4
gsantomaggio/chat/server/chat/impl_protocol.go:27.50,29.2 1 3
gsantomaggio/chat/server/chat/impl_protocol.go:31.37,33.2 1 1
gsantomaggio/chat/server/chat/impl_protocol.go:35.41,39.2 1 4
gsantomaggio/chat/server/chat/impl_protocol.go:41.52,43.2 1 0
gsantomaggio/chat/server/chat/impl_protocol.go:45.47,47.2 1 0
gsantomaggio/chat/server/chat/impl_protocol.go:49.39,51.2 1 1
gsantomaggio/chat/server/chat/impl_protocol.go:53.65,55.2 1 2
gsantomaggio/chat/server/chat/impl_protocol.go:57.57,59.2 1 3
gsantomaggio/chat/server/chat/impl_protocol.go:71.86,73.2 1 0
gsantomaggio/chat/server/chat/impl_protocol.go:75.125,77.2 1 3
gsantomaggio/chat/server/chat/impl_protocol.go:79.59,81.2 1 2
gsantomaggio/chat/server/chat/impl_protocol.go:83.39,85.2 1 1
gsantomaggio/chat/server/chat/impl_protocol.go:87.43,96.2 1 4
gsantomaggio/chat/server/chat/impl_protocol.go:98.49,100.2 1 2
gsantomaggio/chat/server/chat/impl_protocol.go:102.54,104.2 1 0
gsantomaggio/chat/server/chat/impl_protocol.go:106.41,108.2 1 1
gsantomaggio/chat/server/chat/impl_protocol.go:110.67,112.2 1 2
gsantomaggio/chat/server/chat/impl_protocol.go:121.74,123.2 1 2
gsantomaggio/chat/server/chat/impl_protocol.go:125.62,127.2 1 1
gsantomaggio/chat/server/chat/impl_protocol.go:129.63,131.2 1 3
gsantomaggio/chat/server/chat/impl_protocol.go:133.55,135.2 1 4
gsantomaggio/chat/server/chat/impl_protocol.go:137.35,139.2 1 4
gsantomaggio/chat/server/chat/impl_protocol.go:141.37,143.2 1 4
gsantomaggio/chat/server/chat/impl_protocol.go:145.39,147.2 1 4
gsantomaggio/chat/server/chat/impl_protocol.go:154.40,156.2 1 0
gsantomaggio/chat/server/chat/impl_protocol.go:158.44,161.2 1 0
gsantomaggio/chat/server/chat/impl_protocol.go:163.42,165.2 1 0
gsantomaggio/chat/server/chat/impl_protocol.go:167.55,169.2 1 0
gsantomaggio/chat/server/chat/impl_protocol.go:171.63,175.2 1 0
gsantomaggio/chat/server/chat/impl_protocol.go:177.50,179.2 1 0
gsantomaggio/chat/server/chat/impl_protocol.go:181.49,183.2 1 0
gsantomaggio/chat/server/chat/impl_protocol.go:185.68,187.2 1 0
gsantomaggio/chat/server/chat/impl_protocol.go:189.60,191.2 1 0
gsantomaggio/chat/server/chat/utils.go:10.59,13.22 2 0
gsantomaggio/chat/server/chat/utils.go:14.42,15.46 1 0
gsantomaggio/chat/server/chat/utils.go:16.37,17.41 1 0
gsantomaggio/chat/server/chat/utils.go:19.2,19.25 1 0
gsantomaggio/chat/server/chat/utils.go:24.78,31.2 6 2
gsantomaggio/chat/server/chat/utils.go:33.46,35.2 1 1
gsantomaggio/chat/server/chat/utils.go:38.56,40.2 1 0
gsantomaggio/chat/server/chat/utils.go:44.62,46.2 1 0
gsantomaggio/chat/server/chat/wire_formatting.go:8.57,12.2 3 9
gsantomaggio/chat/server/chat/wire_formatting.go:14.55,18.2 3 2
gsantomaggio/chat/server/chat/wire_formatting.go:20.55,24.2 3 0
gsantomaggio/chat/server/chat/wire_formatting.go:26.48,32.2 4 9
gsantomaggio/chat/server/chat/wire_formatting.go:34.69,36.16 2 0
gsantomaggio/chat/server/chat/wire_formatting.go:36.16,38.3 1 0
gsantomaggio/chat/server/chat/wire_formatting.go:39.2,41.16 3 0
gsantomaggio/chat/server/chat/wire_formatting.go:41.16,43.3 1 0
gsantomaggio/chat/server/chat/wire_formatting.go:44.2,44.8 1 0
gsantomaggio/chat/server/chat/wire_formatting.go:47.45,49.2 1 0
gsantomaggio/chat/server/chat/wire_formatting.go:51.45,53.2 1 0
gsantomaggio/chat/server/chat/wire_formatting.go:55.58,56.27 1 9
gsantomaggio/chat/server/chat/wire_formatting.go:56.27,58.17 2 24
gsantomaggio/chat/server/chat/wire_formatting.go:58.17,60.4 1 0
gsantomaggio/chat/server/chat/wire_formatting.go:62.2,62.12 1 9
gsantomaggio/chat/server/chat/wire_formatting.go:65.53,67.27 1 24
gsantomaggio/chat/server/chat/wire_formatting.go:68.12,70.17 2 0
gsantomaggio/chat/server/chat/wire_formatting.go:70.17,72.4 1 0
gsantomaggio/chat/server/chat/wire_formatting.go:73.3,73.19 1 0
gsantomaggio/chat/server/chat/wire_formatting.go:74.15,75.34 1 9
gsantomaggio/chat/server/chat/wire_formatting.go:76.17,78.17 2 0
gsantomaggio/chat/server/chat/wire_formatting.go:78.17,80.4 1 0
gsantomaggio/chat/server/chat/wire_formatting.go:81.3,82.41 2 0
gsantomaggio/chat/server/chat/wire_formatting.go:82.41,85.4 2 0
gsantomaggio/chat/server/chat/wire_formatting.go:86.3,86.17 1 0
gsantomaggio/chat/server/chat/wire_formatting.go:87.15,89.17 2 0
gsantomaggio/chat/server/chat/wire_formatting.go:89.17,91.4 1 0
gsantomaggio/chat/server/chat/wire_formatting.go:92.3,92.19 1 0
gsantomaggio/chat/server/chat/wire_formatting.go:93.26,95.17 2 0
gsantomaggio/chat/server/chat/wire_formatting.go:95.17,97.4 1 0
gsantomaggio/chat/server/chat/wire_formatting.go:98.3,99.39 2 0
gsantomaggio/chat/server/chat/wire_formatting.go:99.39,103.4 3 0
gsantomaggio/chat/server/chat/wire_formatting.go:104.3,104.15 1 0
gsantomaggio/chat/server/chat/wire_formatting.go:105.10,107.17 2 15
gsantomaggio/chat/server/chat/wire_formatting.go:107.17,109.4 1 0
gsantomaggio/chat/server/chat/wire_formatting.go:112.2,112.12 1 24
gsantomaggio/chat/server/chat/wire_formatting.go:114.60,116.2 1 0
gsantomaggio/chat/server/chat/wire_formatting.go:118.60,121.27 2 17
gsantomaggio/chat/server/chat/wire_formatting.go:121.27,122.28 1 30
gsantomaggio/chat/server/chat/wire_formatting.go:123.12,125.18 2 2
gsantomaggio/chat/server/chat/wire_formatting.go:125.18,127.5 1 0
gsantomaggio/chat/server/chat/wire_formatting.go:128.4,128.38 1 2
gsantomaggio/chat/server/chat/wire_formatting.go:129.15,131.18 2 8
gsantomaggio/chat/server/chat/wire_formatting.go:131.18,133.5 1 0
gsantomaggio/chat/server/chat/wire_formatting.go:134.4,134.16 1 8
gsantomaggio/chat/server/chat/wire_formatting.go:135.17,137.18 2 0
gsantomaggio/chat/server/chat/wire_formatting.go:137.18,139.5 1 0
gsantomaggio/chat/server/chat/wire_formatting.go:140.4,141.26 2 0
gsantomaggio/chat/server/chat/wire_formatting.go:141.26,144.19 3 0
gsantomaggio/chat/server/chat/wire_formatting.go:144.19,146.6 1 0
gsantomaggio/chat/server/chat/wire_formatting.go:148.26,150.18 2 0
gsantomaggio/chat/server/chat/wire_formatting.go:150.18,152.5 1 0
gsantomaggio/chat/server/chat/wire_formatting.go:153.4,154.32 2 0
gsantomaggio/chat/server/chat/wire_formatting.go:154.32,157.19 3 0
gsantomaggio/chat/server/chat/wire_formatting.go:157.19,159.6 1 0
gsantomaggio/chat/server/chat/wire_formatting.go:160.5,162.19 3 0
gsantomaggio/chat/server/chat/wire_formatting.go:162.19,164.6 1 0
gsantomaggio/chat/server/chat/wire_formatting.go:166.11,168.18 2 20
gsantomaggio/chat/server/chat/wire_formatting.go:168.18,170.5 1 0
gsantomaggio/chat/server/chat/wire_formatting.go:171.4,171.31 1 20
gsantomaggio/chat/server/chat/wire_formatting.go:175.2,175.21 1 17
gsantomaggio/chat/server/chat/wire_formatting.go:178.70,180.16 2 8
gsantomaggio/chat/server/chat/wire_formatting.go:180.16,182.3 1 0
gsantomaggio/chat/server/chat/wire_formatting.go:183.2,184.32 2 8
gsantomaggio/chat/server/chat/wire_io.go:16.83,21.16 4 0
gsantomaggio/chat/server/chat/wire_io.go:21.16,23.3 1 0
gsantomaggio/chat/server/chat/wire_io.go:24.2,24.42 1 0
gsantomaggio/chat/server/chat/wire_io.go:24.42,25.50 1 0
gsantomaggio/chat/server/chat/wire_io.go:27.2,27.23 1 0
gsantomaggio/chat/server/chat/wire_io.go:30.93,39.16 6 2
gsantomaggio/chat/server/chat/wire_io.go:39.16,41.3 1 0
gsantomaggio/chat/server/chat/wire_io.go:42.2,43.16 2 2
gsantomaggio/chat/server/chat/wire_io.go:43.16,45.3 1 0
gsantomaggio/chat/server/chat/wire_io.go:49.2,49.91 1 2
gsantomaggio/chat/server/chat/wire_io.go:49.91,50.50 1 0
gsantomaggio/chat/server/chat/wire_io.go:52.2,52.23 1 2
gsantomaggio/chat/server/tcp_server/events.go:12.65,19.2 1 0
gsantomaggio/chat/server/tcp_server/events.go:21.34,23.2 1 0
gsantomaggio/chat/server/tcp_server/events.go:25.34,27.2 1 0
gsantomaggio/chat/server/tcp_server/events.go:29.34,31.2 1 0
gsantomaggio/chat/server/tcp_server/events.go:33.29,35.2 1 0
gsantomaggio/chat/server/tcp_server/tcp_server.go:28.73,38.2 1 3
gsantomaggio/chat/server/tcp_server/tcp_server.go:40.78,41.23 1 39
gsantomaggio/chat/server/tcp_server/tcp_server.go:41.23,43.3 1 0
gsantomaggio/chat/server/tcp_server/tcp_server.go:46.42,48.12 1 3
gsantomaggio/chat/server/tcp_server/tcp_server.go:48.12,49.7 1 3
gsantomaggio/chat/server/tcp_server/tcp_server.go:49.7,50.11 1 3
gsantomaggio/chat/server/tcp_server/tcp_server.go:51.18,52.11 1 3
gsantomaggio/chat/server/tcp_server/tcp_server.go:53.31,55.36 2 0
gsantomaggio/chat/server/tcp_server/tcp_server.go:55.36,56.25 1 0
gsantomaggio/chat/server/tcp_server/tcp_server.go:56.25,58.7 1 0
gsantomaggio/chat/server/tcp_server/tcp_server.go:58.12,60.7 1 0
gsantomaggio/chat/server/tcp_server/tcp_server.go:62.5,62.77 1 0
gsantomaggio/chat/server/tcp_server/tcp_server.go:68.44,69.12 1 3
gsantomaggio/chat/server/tcp_server/tcp_server.go:69.12,71.17 2 3
gsantomaggio/chat/server/tcp_server/tcp_server.go:71.17,73.4 1 0
gsantomaggio/chat/server/tcp_server/tcp_server.go:75.2,75.12 1 3
gsantomaggio/chat/server/tcp_server/tcp_server.go:77.35,80.16 3 3
gsantomaggio/chat/server/tcp_server/tcp_server.go:80.16,83.3 2 0
gsantomaggio/chat/server/tcp_server/tcp_server.go:84.2,88.6 4 3
gsantomaggio/chat/server/tcp_server/tcp_server.go:88.6,90.17 2 8
gsantomaggio/chat/server/tcp_server/tcp_server.go:90.17,92.9 2 3
gsantomaggio/chat/server/tcp_server/tcp_server.go:94.3,94.30 1 5
gsantomaggio/chat/server/tcp_server/tcp_server.go:97.2,98.12 2 3
gsantomaggio/chat/server/tcp_server/tcp_server.go:101.34,107.2 3 3
gsantomaggio/chat/server/tcp_server/tcp_server.go:109.53,114.6 5 5
gsantomaggio/chat/server/tcp_server/tcp_server.go:114.6,117.17 2 12
gsantomaggio/chat/server/tcp_server/tcp_server.go:117.17,120.4 2 0
gsantomaggio/chat/server/tcp_server/tcp_server.go:122.3,124.17 3 12
gsantomaggio/chat/server/tcp_server/tcp_server.go:124.17,125.30 1 5
gsantomaggio/chat/server/tcp_server/tcp_server.go:125.30,127.5 1 5
gsantomaggio/chat/server/tcp_server/tcp_server.go:127.10,129.5 1 0
gsantomaggio/chat/server/tcp_server/tcp_server.go:130.4,130.9 1 5
gsantomaggio/chat/server/tcp_server/tcp_server.go:132.3,134.23 3 7
gsantomaggio/chat/server/tcp_server/tcp_server.go:135.29,138.18 3 6
gsantomaggio/chat/server/tcp_server/tcp_server.go:138.18,140.10 2 0
gsantomaggio/chat/server/tcp_server/tcp_server.go:142.4,144.84 3 6
gsantomaggio/chat/server/tcp_server/tcp_server.go:144.84,147.5 2 1
gsantomaggio/chat/server/tcp_server/tcp_server.go:147.10,148.43 1 5
gsantomaggio/chat/server/tcp_server/tcp_server.go:148.43,150.6 1 1
gsantomaggio/chat/server/tcp_server/tcp_server.go:150.11,153.6 2 4
gsantomaggio/chat/server/tcp_server/tcp_server.go:154.5,156.30 3 5
gsantomaggio/chat/server/tcp_server/tcp_server.go:159.31,162.18 3 1
gsantomaggio/chat/server/tcp_server/tcp_server.go:162.18,164.10 2 0
gsantomaggio/chat/server/tcp_server/tcp_server.go:166.4,167.36 2 1
gsantomaggio/chat/server/tcp_server/tcp_server.go:167.36,172.5 4 1
gsantomaggio/chat/server/tcp_server/tcp_server.go:172.10,175.5 2 0
gsantomaggio/chat/server/tcp_server/tcp_server.go:178.3,178.27 1 7
gsantomaggio/chat/server/tcp_server/tcp_server.go:178.27,180.9 2 0
gsantomaggio/chat/server/tcp_server/tcp_server.go:183.3,183.18 1 7
gsantomaggio/chat/server/tcp_server/tcp_server.go:183.18,185.4 1 7
gsantomaggio/chat/server/tcp_server/tcp_server.go:188.2,188.17 1 5
gsantomaggio/chat/server/tcp_server/tcp_server.go:188.17,191.3 2 5
gsantomaggio/chat/server/tcp_server/tcp_server.go:195.97,199.2 3 7
gsantomaggio/chat/server/tcp_server/tcp_server.go:201.46,205.2 3 24
gsantomaggio/chat/server/tcp_server/users.go:31.59,43.2 3 4
gsantomaggio/chat/server/tcp_server/users.go:45.39,47.12 2 10
gsantomaggio/chat/server/tcp_server/users.go:47.12,49.3 1 5
gsantomaggio/chat/server/tcp_server/users.go:52.51,55.2 2 5
gsantomaggio/chat/server/tcp_server/users.go:57.32,59.2 1 2
gsantomaggio/chat/server/tcp_server/users.go:61.24,63.2 1 0
gsantomaggio/chat/server/tcp_server/users.go:65.73,66.23 1 1
gsantomaggio/chat/server/tcp_server/users.go:66.23,68.3 1 0
gsantomaggio/chat/server/tcp_server/users.go:71.66,80.16 4 1
gsantomaggio/chat/server/tcp_server/users.go:80.16,82.3 1 1
gsantomaggio/chat/server/tcp_server/users.go:82.8,84.3 1 0
gsantomaggio/chat/server/tcp_server/users.go:87.39,88.12 1 4
gsantomaggio/chat/server/tcp_server/users.go:88.12,89.28 1 4
gsantomaggio/chat/server/tcp_server/users.go:89.28,91.39 2 6
gsantomaggio/chat/server/tcp_server/users.go:91.39,92.33 1 1
gsantomaggio/chat/server/tcp_server/users.go:92.33,94.14 2 0
gsantomaggio/chat/server/tcp_server/users.go:96.5,103.19 3 1
gsantomaggio/chat/server/tcp_server/users.go:103.19,105.11 2 0
gsantomaggio/chat/server/tcp_server/users.go:108.4,109.20 2 6
